2026-03-10 22:16:50,024 [Worker-2: Loading available Gradle versions] INFO  o.e.b.c.i.u.g.PublishedGradleVersions - Gradle version information cache is out-of-date. Trying to update.
2026-03-10 22:17:21,960 [Worker-5: Importing Maven projects] INFO  o.e.m.c.i.l.LifecycleMappingFactory - Using org.eclipse.m2e.jdt.JarLifecycleMapping lifecycle mapping for MavenProject: com.revshopproject:revshop:0.0.1-SNAPSHOT @ C:\Revature\Revature1\RevSHop3\revshop\pom.xml.
2026-03-10 22:17:30,185 [Worker-5: Importing Maven projects] INFO  o.e.m.c.i.e.AbstractTransferListenerAdapter - Downloaded https://repo.maven.apache.org/maven2/org/springframework/boot/spring-boot-starter-log4j2/4.0.3/spring-boot-starter-log4j2-4.0.3.pom
2026-03-10 22:17:30,307 [Worker-5: Importing Maven projects] INFO  o.e.m.c.i.e.AbstractTransferListenerAdapter - Downloaded https://repo.maven.apache.org/maven2/org/apache/logging/log4j/log4j-slf4j2-impl/2.25.3/log4j-slf4j2-impl-2.25.3.pom
2026-03-10 22:17:30,422 [Worker-5: Importing Maven projects] INFO  o.e.m.c.i.e.AbstractTransferListenerAdapter - Downloaded https://repo.maven.apache.org/maven2/org/apache/logging/log4j/log4j-core/2.25.3/log4j-core-2.25.3.pom
2026-03-10 22:17:30,549 [Worker-5: Importing Maven projects] INFO  o.e.m.c.i.e.AbstractTransferListenerAdapter - Downloaded https://repo.maven.apache.org/maven2/org/apache/logging/log4j/log4j-jul/2.25.3/log4j-jul-2.25.3.pom
2026-03-10 22:17:30,663 [AetherRepositoryConnector-repo.maven.apache.org-0-1] INFO  o.e.m.c.i.e.AbstractTransferListenerAdapter - Downloading https://repo.maven.apache.org/maven2/org/apache/logging/log4j/log4j-slf4j2-impl/2.25.3/log4j-slf4j2-impl-2.25.3.jar
2026-03-10 22:17:30,689 [AetherRepositoryConnector-repo.maven.apache.org-0-2] INFO  o.e.m.c.i.e.AbstractTransferListenerAdapter - Downloading https://repo.maven.apache.org/maven2/org/apache/logging/log4j/log4j-core/2.25.3/log4j-core-2.25.3.jar
2026-03-10 22:17:30,785 [AetherRepositoryConnector-repo.maven.apache.org-0-0] INFO  o.e.m.c.i.e.AbstractTransferListenerAdapter - Downloading https://repo.maven.apache.org/maven2/org/springframework/boot/spring-boot-starter-log4j2/4.0.3/spring-boot-starter-log4j2-4.0.3.jar
2026-03-10 22:17:30,786 [AetherRepositoryConnector-repo.maven.apache.org-0-3] INFO  o.e.m.c.i.e.AbstractTransferListenerAdapter - Downloading https://repo.maven.apache.org/maven2/org/apache/logging/log4j/log4j-jul/2.25.3/log4j-jul-2.25.3.jar
2026-03-10 22:17:31,061 [AetherRepositoryConnector-repo.maven.apache.org-0-0] INFO  o.e.m.c.i.e.AbstractTransferListenerAdapter - Downloaded https://repo.maven.apache.org/maven2/org/springframework/boot/spring-boot-starter-log4j2/4.0.3/spring-boot-starter-log4j2-4.0.3.jar
2026-03-10 22:17:31,064 [AetherRepositoryConnector-repo.maven.apache.org-0-1] INFO  o.e.m.c.i.e.AbstractTransferListenerAdapter - Downloaded https://repo.maven.apache.org/maven2/org/apache/logging/log4j/log4j-slf4j2-impl/2.25.3/log4j-slf4j2-impl-2.25.3.jar
2026-03-10 22:17:31,207 [AetherRepositoryConnector-repo.maven.apache.org-0-3] INFO  o.e.m.c.i.e.AbstractTransferListenerAdapter - Downloaded https://repo.maven.apache.org/maven2/org/apache/logging/log4j/log4j-jul/2.25.3/log4j-jul-2.25.3.jar
2026-03-10 22:17:31,363 [AetherRepositoryConnector-repo.maven.apache.org-0-2] INFO  o.e.m.c.i.e.AbstractTransferListenerAdapter - Downloaded https://repo.maven.apache.org/maven2/org/apache/logging/log4j/log4j-core/2.25.3/log4j-core-2.25.3.jar
2026-03-10 22:17:33,207 [Worker-5: Importing Maven projects] INFO  o.e.m.j.i.AbstractJavaProjectConfigurator - Adding source folder /revshop/src/main/java
2026-03-10 22:17:33,208 [Worker-5: Importing Maven projects] INFO  o.e.m.j.i.AbstractJavaProjectConfigurator - Adding resource folder /revshop/src/main/resources
2026-03-10 22:17:33,209 [Worker-5: Importing Maven projects] INFO  o.e.m.j.i.AbstractJavaProjectConfigurator - Adding resource folder /revshop/src/main/resources
2026-03-10 22:17:33,211 [Worker-5: Importing Maven projects] INFO  o.e.m.j.i.AbstractJavaProjectConfigurator - Adding source folder /revshop/src/test/java
2026-03-10 22:17:33,211 [Worker-5: Importing Maven projects] INFO  o.e.m.j.i.AbstractJavaProjectConfigurator - Adding resource folder /revshop/src/test/resources
2026-03-10 22:17:33,381 [Worker-4: Download sources and javadoc] INFO  o.e.m.c.i.e.AbstractTransferListenerAdapter - Downloading https://repo.maven.apache.org/maven2/org/springframework/boot/spring-boot-starter-log4j2/4.0.3/spring-boot-starter-log4j2-4.0.3-sources.jar
2026-03-10 22:17:33,439 [Worker-4: Download sources and javadoc] INFO  o.e.m.c.i.e.AbstractTransferListenerAdapter - Downloaded https://repo.maven.apache.org/maven2/org/springframework/boot/spring-boot-starter-log4j2/4.0.3/spring-boot-starter-log4j2-4.0.3-sources.jar
2026-03-10 22:17:33,445 [Worker-4: Download sources and javadoc] INFO  o.e.m.j.internal.DownloadSourcesJob - Downloaded sources for org.springframework.boot:spring-boot-starter-log4j2:4.0.3
2026-03-10 22:17:33,531 [Worker-4: Download sources and javadoc] INFO  o.e.m.c.i.e.AbstractTransferListenerAdapter - Downloading https://repo.maven.apache.org/maven2/org/apache/logging/log4j/log4j-slf4j2-impl/2.25.3/log4j-slf4j2-impl-2.25.3-sources.jar
2026-03-10 22:17:33,708 [Worker-5: Importing Maven projects] INFO  o.e.m.c.i.p.ProjectConfigurationManager - Imported and configured 1 project(s) in 22 sec
2026-03-10 22:17:33,943 [Worker-4: Download sources and javadoc] INFO  o.e.m.c.i.e.AbstractTransferListenerAdapter - Downloaded https://repo.maven.apache.org/maven2/org/apache/logging/log4j/log4j-slf4j2-impl/2.25.3/log4j-slf4j2-impl-2.25.3-sources.jar
2026-03-10 22:17:33,947 [Worker-4: Download sources and javadoc] INFO  o.e.m.j.internal.DownloadSourcesJob - Downloaded sources for org.apache.logging.log4j:log4j-slf4j2-impl:2.25.3
2026-03-10 22:17:34,034 [Worker-4: Download sources and javadoc] INFO  o.e.m.c.i.e.AbstractTransferListenerAdapter - Downloading https://repo.maven.apache.org/maven2/org/apache/logging/log4j/log4j-core/2.25.3/log4j-core-2.25.3-sources.jar
2026-03-10 22:17:34,388 [Worker-4: Download sources and javadoc] INFO  o.e.m.c.i.e.AbstractTransferListenerAdapter - Downloaded https://repo.maven.apache.org/maven2/org/apache/logging/log4j/log4j-core/2.25.3/log4j-core-2.25.3-sources.jar
2026-03-10 22:17:34,392 [Worker-4: Download sources and javadoc] INFO  o.e.m.j.internal.DownloadSourcesJob - Downloaded sources for org.apache.logging.log4j:log4j-core:2.25.3
2026-03-10 22:17:34,483 [Worker-4: Download sources and javadoc] INFO  o.e.m.c.i.e.AbstractTransferListenerAdapter - Downloading https://repo.maven.apache.org/maven2/org/apache/logging/log4j/log4j-jul/2.25.3/log4j-jul-2.25.3-sources.jar
2026-03-10 22:17:34,986 [Worker-4: Download sources and javadoc] INFO  o.e.m.c.i.e.AbstractTransferListenerAdapter - Downloaded https://repo.maven.apache.org/maven2/org/apache/logging/log4j/log4j-jul/2.25.3/log4j-jul-2.25.3-sources.jar
2026-03-10 22:17:34,990 [Worker-4: Download sources and javadoc] INFO  o.e.m.j.internal.DownloadSourcesJob - Downloaded sources for org.apache.logging.log4j:log4j-jul:2.25.3
2026-03-10 22:18:14,861 [main] INFO  o.e.m2e.actions.ExecutePomAction - Creating new launch configuration
2026-03-10 22:18:29,691 [Worker-19: Launching revshop] INFO  o.eclipse.m2e.core.internal.Bundles - getClasspathEntries(Bundle=org.eclipse.m2e.maven.runtime_3.8.604.20221130-2149 [606])
2026-03-10 22:18:29,723 [Worker-19: Launching revshop] INFO  o.eclipse.m2e.core.internal.Bundles - 	Entry: C:\Revature\Revature1\eclipse\plugins\org.eclipse.m2e.maven.runtime_3.8.604.20221130-2149
2026-03-10 22:18:29,724 [Worker-19: Launching revshop] INFO  o.eclipse.m2e.core.internal.Bundles - 	Entry: C:\Revature\Revature1\eclipse\plugins\org.eclipse.m2e.maven.runtime_3.8.604.20221130-2149\jars\aether-connector-okhttp-0.17.8.jar
2026-03-10 22:18:29,724 [Worker-19: Launching revshop] INFO  o.eclipse.m2e.core.internal.Bundles - 	Entry: C:\Revature\Revature1\eclipse\plugins\org.eclipse.m2e.maven.runtime_3.8.604.20221130-2149\jars\commons-cli-1.4.jar
2026-03-10 22:18:29,725 [Worker-19: Launching revshop] INFO  o.eclipse.m2e.core.internal.Bundles - 	Entry: C:\Revature\Revature1\eclipse\plugins\org.eclipse.m2e.maven.runtime_3.8.604.20221130-2149\jars\commons-io-2.6.jar
2026-03-10 22:18:29,725 [Worker-19: Launching revshop] INFO  o.eclipse.m2e.core.internal.Bundles - 	Entry: C:\Revature\Revature1\eclipse\plugins\org.eclipse.m2e.maven.runtime_3.8.604.20221130-2149\jars\commons-lang3-3.8.1.jar
2026-03-10 22:18:29,726 [Worker-19: Launching revshop] INFO  o.eclipse.m2e.core.internal.Bundles - 	Entry: C:\Revature\Revature1\eclipse\plugins\org.eclipse.m2e.maven.runtime_3.8.604.20221130-2149\jars\guice-4.2.2-no_aop.jar
2026-03-10 22:18:29,726 [Worker-19: Launching revshop] INFO  o.eclipse.m2e.core.internal.Bundles - 	Entry: C:\Revature\Revature1\eclipse\plugins\org.eclipse.m2e.maven.runtime_3.8.604.20221130-2149\jars\jansi-2.4.0.jar
2026-03-10 22:18:29,727 [Worker-19: Launching revshop] INFO  o.eclipse.m2e.core.internal.Bundles - 	Entry: C:\Revature\Revature1\eclipse\plugins\org.eclipse.m2e.maven.runtime_3.8.604.20221130-2149\jars\maven-artifact-3.8.6.jar
2026-03-10 22:18:29,727 [Worker-19: Launching revshop] INFO  o.eclipse.m2e.core.internal.Bundles - 	Entry: C:\Revature\Revature1\eclipse\plugins\org.eclipse.m2e.maven.runtime_3.8.604.20221130-2149\jars\maven-builder-support-3.8.6.jar
2026-03-10 22:18:29,727 [Worker-19: Launching revshop] INFO  o.eclipse.m2e.core.internal.Bundles - 	Entry: C:\Revature\Revature1\eclipse\plugins\org.eclipse.m2e.maven.runtime_3.8.604.20221130-2149\jars\maven-compat-3.8.6.jar
2026-03-10 22:18:29,727 [Worker-19: Launching revshop] INFO  o.eclipse.m2e.core.internal.Bundles - 	Entry: C:\Revature\Revature1\eclipse\plugins\org.eclipse.m2e.maven.runtime_3.8.604.20221130-2149\jars\maven-core-3.8.6.jar
2026-03-10 22:18:29,728 [Worker-19: Launching revshop] INFO  o.eclipse.m2e.core.internal.Bundles - 	Entry: C:\Revature\Revature1\eclipse\plugins\org.eclipse.m2e.maven.runtime_3.8.604.20221130-2149\jars\maven-embedder-3.8.6.jar
2026-03-10 22:18:29,728 [Worker-19: Launching revshop] INFO  o.eclipse.m2e.core.internal.Bundles - 	Entry: C:\Revature\Revature1\eclipse\plugins\org.eclipse.m2e.maven.runtime_3.8.604.20221130-2149\jars\maven-model-3.8.6.jar
2026-03-10 22:18:29,729 [Worker-19: Launching revshop] INFO  o.eclipse.m2e.core.internal.Bundles - 	Entry: C:\Revature\Revature1\eclipse\plugins\org.eclipse.m2e.maven.runtime_3.8.604.20221130-2149\jars\maven-model-builder-3.8.6.jar
2026-03-10 22:18:29,729 [Worker-19: Launching revshop] INFO  o.eclipse.m2e.core.internal.Bundles - 	Entry: C:\Revature\Revature1\eclipse\plugins\org.eclipse.m2e.maven.runtime_3.8.604.20221130-2149\jars\maven-plugin-api-3.8.6.jar
2026-03-10 22:18:29,729 [Worker-19: Launching revshop] INFO  o.eclipse.m2e.core.internal.Bundles - 	Entry: C:\Revature\Revature1\eclipse\plugins\org.eclipse.m2e.maven.runtime_3.8.604.20221130-2149\jars\maven-repository-metadata-3.8.6.jar
2026-03-10 22:18:29,730 [Worker-19: Launching revshop] INFO  o.eclipse.m2e.core.internal.Bundles - 	Entry: C:\Revature\Revature1\eclipse\plugins\org.eclipse.m2e.maven.runtime_3.8.604.20221130-2149\jars\maven-resolver-api-1.6.3.jar
2026-03-10 22:18:29,730 [Worker-19: Launching revshop] INFO  o.eclipse.m2e.core.internal.Bundles - 	Entry: C:\Revature\Revature1\eclipse\plugins\org.eclipse.m2e.maven.runtime_3.8.604.20221130-2149\jars\maven-resolver-connector-basic-1.6.3.jar
2026-03-10 22:18:29,730 [Worker-19: Launching revshop] INFO  o.eclipse.m2e.core.internal.Bundles - 	Entry: C:\Revature\Revature1\eclipse\plugins\org.eclipse.m2e.maven.runtime_3.8.604.20221130-2149\jars\maven-resolver-impl-1.6.3.jar
2026-03-10 22:18:29,730 [Worker-19: Launching revshop] INFO  o.eclipse.m2e.core.internal.Bundles - 	Entry: C:\Revature\Revature1\eclipse\plugins\org.eclipse.m2e.maven.runtime_3.8.604.20221130-2149\jars\maven-resolver-provider-3.8.6.jar
2026-03-10 22:18:29,730 [Worker-19: Launching revshop] INFO  o.eclipse.m2e.core.internal.Bundles - 	Entry: C:\Revature\Revature1\eclipse\plugins\org.eclipse.m2e.maven.runtime_3.8.604.20221130-2149\jars\maven-resolver-spi-1.6.3.jar
2026-03-10 22:18:29,731 [Worker-19: Launching revshop] INFO  o.eclipse.m2e.core.internal.Bundles - 	Entry: C:\Revature\Revature1\eclipse\plugins\org.eclipse.m2e.maven.runtime_3.8.604.20221130-2149\jars\maven-resolver-transport-wagon-1.6.3.jar
2026-03-10 22:18:29,731 [Worker-19: Launching revshop] INFO  o.eclipse.m2e.core.internal.Bundles - 	Entry: C:\Revature\Revature1\eclipse\plugins\org.eclipse.m2e.maven.runtime_3.8.604.20221130-2149\jars\maven-resolver-util-1.6.3.jar
2026-03-10 22:18:29,731 [Worker-19: Launching revshop] INFO  o.eclipse.m2e.core.internal.Bundles - 	Entry: C:\Revature\Revature1\eclipse\plugins\org.eclipse.m2e.maven.runtime_3.8.604.20221130-2149\jars\maven-settings-3.8.6.jar
2026-03-10 22:18:29,731 [Worker-19: Launching revshop] INFO  o.eclipse.m2e.core.internal.Bundles - 	Entry: C:\Revature\Revature1\eclipse\plugins\org.eclipse.m2e.maven.runtime_3.8.604.20221130-2149\jars\maven-settings-builder-3.8.6.jar
2026-03-10 22:18:29,731 [Worker-19: Launching revshop] INFO  o.eclipse.m2e.core.internal.Bundles - 	Entry: C:\Revature\Revature1\eclipse\plugins\org.eclipse.m2e.maven.runtime_3.8.604.20221130-2149\jars\maven-shared-utils-3.3.4.jar
2026-03-10 22:18:29,732 [Worker-19: Launching revshop] INFO  o.eclipse.m2e.core.internal.Bundles - 	Entry: C:\Revature\Revature1\eclipse\plugins\org.eclipse.m2e.maven.runtime_3.8.604.20221130-2149\jars\okhttp-3.14.1.jar
2026-03-10 22:18:29,732 [Worker-19: Launching revshop] INFO  o.eclipse.m2e.core.internal.Bundles - 	Entry: C:\Revature\Revature1\eclipse\plugins\org.eclipse.m2e.maven.runtime_3.8.604.20221130-2149\jars\okio-1.17.3.jar
2026-03-10 22:18:29,732 [Worker-19: Launching revshop] INFO  o.eclipse.m2e.core.internal.Bundles - 	Entry: C:\Revature\Revature1\eclipse\plugins\org.eclipse.m2e.maven.runtime_3.8.604.20221130-2149\jars\org.eclipse.sisu.inject-0.3.5.jar
2026-03-10 22:18:29,732 [Worker-19: Launching revshop] INFO  o.eclipse.m2e.core.internal.Bundles - 	Entry: C:\Revature\Revature1\eclipse\plugins\org.eclipse.m2e.maven.runtime_3.8.604.20221130-2149\jars\org.eclipse.sisu.plexus-0.3.5.jar
2026-03-10 22:18:29,732 [Worker-19: Launching revshop] INFO  o.eclipse.m2e.core.internal.Bundles - 	Entry: C:\Revature\Revature1\eclipse\plugins\org.eclipse.m2e.maven.runtime_3.8.604.20221130-2149\jars\plexus-build-api-0.0.7.jar
2026-03-10 22:18:29,733 [Worker-19: Launching revshop] INFO  o.eclipse.m2e.core.internal.Bundles - 	Entry: C:\Revature\Revature1\eclipse\plugins\org.eclipse.m2e.maven.runtime_3.8.604.20221130-2149\jars\plexus-cipher-2.0.jar
2026-03-10 22:18:29,733 [Worker-19: Launching revshop] INFO  o.eclipse.m2e.core.internal.Bundles - 	Entry: C:\Revature\Revature1\eclipse\plugins\org.eclipse.m2e.maven.runtime_3.8.604.20221130-2149\jars\plexus-classworlds-2.6.0.jar
2026-03-10 22:18:29,733 [Worker-19: Launching revshop] INFO  o.eclipse.m2e.core.internal.Bundles - 	Entry: C:\Revature\Revature1\eclipse\plugins\org.eclipse.m2e.maven.runtime_3.8.604.20221130-2149\jars\plexus-component-annotations-2.1.0.jar
2026-03-10 22:18:29,733 [Worker-19: Launching revshop] INFO  o.eclipse.m2e.core.internal.Bundles - 	Entry: C:\Revature\Revature1\eclipse\plugins\org.eclipse.m2e.maven.runtime_3.8.604.20221130-2149\jars\plexus-interpolation-1.26.jar
2026-03-10 22:18:29,733 [Worker-19: Launching revshop] INFO  o.eclipse.m2e.core.internal.Bundles - 	Entry: C:\Revature\Revature1\eclipse\plugins\org.eclipse.m2e.maven.runtime_3.8.604.20221130-2149\jars\plexus-sec-dispatcher-2.0.jar
2026-03-10 22:18:29,733 [Worker-19: Launching revshop] INFO  o.eclipse.m2e.core.internal.Bundles - 	Entry: C:\Revature\Revature1\eclipse\plugins\org.eclipse.m2e.maven.runtime_3.8.604.20221130-2149\jars\plexus-utils-3.3.1.jar
2026-03-10 22:18:29,734 [Worker-19: Launching revshop] INFO  o.eclipse.m2e.core.internal.Bundles - 	Entry: C:\Revature\Revature1\eclipse\plugins\org.eclipse.m2e.maven.runtime_3.8.604.20221130-2149\jars\wagon-file-3.5.1.jar
2026-03-10 22:18:29,734 [Worker-19: Launching revshop] INFO  o.eclipse.m2e.core.internal.Bundles - 	Entry: C:\Revature\Revature1\eclipse\plugins\org.eclipse.m2e.maven.runtime_3.8.604.20221130-2149\jars\wagon-provider-api-3.5.1.jar
2026-03-10 22:18:29,736 [Worker-19: Launching revshop] INFO  o.eclipse.m2e.core.internal.Bundles - getClasspathEntries(Bundle=com.google.guava_30.1.0.v20221112-0806 [10])
2026-03-10 22:18:29,738 [Worker-19: Launching revshop] INFO  o.eclipse.m2e.core.internal.Bundles - 	Entry: C:\Revature\Revature1\eclipse\plugins\com.google.guava_30.1.0.v20221112-0806.jar
2026-03-10 22:18:29,739 [Worker-19: Launching revshop] INFO  o.eclipse.m2e.core.internal.Bundles - getClasspathEntries(Bundle=slf4j.api_1.7.36 [918])
2026-03-10 22:18:29,741 [Worker-19: Launching revshop] INFO  o.eclipse.m2e.core.internal.Bundles - 	Entry: C:\Revature\Revature1\eclipse\plugins\slf4j.api_1.7.36.jar
2026-03-10 22:18:29,741 [Worker-19: Launching revshop] INFO  o.eclipse.m2e.core.internal.Bundles - getClasspathEntries(Bundle=javax.inject_1.0.0.v20220405-0441 [32])
2026-03-10 22:18:29,743 [Worker-19: Launching revshop] INFO  o.eclipse.m2e.core.internal.Bundles - 	Entry: C:\Revature\Revature1\eclipse\plugins\javax.inject_1.0.0.v20220405-0441.jar
2026-03-10 22:18:29,743 [Worker-19: Launching revshop] INFO  o.eclipse.m2e.core.internal.Bundles - getClasspathEntries(Bundle=javax.annotation_1.3.5.v20221112-0806 [30])
2026-03-10 22:18:29,744 [Worker-19: Launching revshop] INFO  o.eclipse.m2e.core.internal.Bundles - 	Entry: C:\Revature\Revature1\eclipse\plugins\javax.annotation_1.3.5.v20221112-0806.jar
2026-03-10 22:18:29,747 [Worker-19: Launching revshop] INFO  o.e.m.i.launch.MavenLaunchDelegate - Run build in "C:\Revature\Revature1\RevSHop3\revshop":
2026-03-10 22:18:29,750 [Worker-19: Launching revshop] INFO  o.e.m.i.launch.MavenLaunchDelegate -  mvn  -B -Dstyle.color=always spring-boot:run
2026-03-10 22:20:30,944 [Worker-10: Updating Maven Project] INFO  o.e.m.c.i.p.ProjectConfigurationManager - Update started
2026-03-10 22:20:31,411 [Worker-10: Updating Maven Project] INFO  o.e.m.c.i.l.LifecycleMappingFactory - Using org.eclipse.m2e.jdt.JarLifecycleMapping lifecycle mapping for MavenProject: com.revshopproject:revshop:0.0.1-SNAPSHOT @ C:\Revature\Revature1\RevSHop3\revshop\pom.xml.
2026-03-10 22:20:32,176 [Worker-10: Updating Maven Project] INFO  o.e.m.j.i.AbstractJavaProjectConfigurator - Adding source folder /revshop/src/main/java
2026-03-10 22:20:32,177 [Worker-10: Updating Maven Project] INFO  o.e.m.j.i.AbstractJavaProjectConfigurator - Adding resource folder /revshop/src/main/resources
2026-03-10 22:20:32,177 [Worker-10: Updating Maven Project] INFO  o.e.m.j.i.AbstractJavaProjectConfigurator - Adding resource folder /revshop/src/main/resources
2026-03-10 22:20:32,178 [Worker-10: Updating Maven Project] INFO  o.e.m.j.i.AbstractJavaProjectConfigurator - Adding source folder /revshop/src/test/java
2026-03-10 22:20:32,179 [Worker-10: Updating Maven Project] INFO  o.e.m.j.i.AbstractJavaProjectConfigurator - Adding resource folder /revshop/src/test/resources
2026-03-10 22:20:32,662 [Worker-10: Updating Maven Project] INFO  o.e.m.c.i.p.ProjectConfigurationManager - Update completed for 1 poms: local refresh takes 0.00 sec, refresh facades takes 1.00 sec, update config takes 0.00 sec 
2026-03-10 22:21:00,117 [main] INFO  o.e.m2e.actions.ExecutePomAction - Using existing launch configuration
2026-03-10 22:21:00,147 [Worker-11: Launching revshop] INFO  o.e.m.i.launch.MavenLaunchDelegate - Run build in "C:\Revature\Revature1\RevSHop3\revshop":
2026-03-10 22:21:00,148 [Worker-11: Launching revshop] INFO  o.e.m.i.launch.MavenLaunchDelegate -  mvn  -B -Dstyle.color=always spring-boot:run
2026-03-10 22:22:09,855 [main] INFO  o.e.m2e.actions.ExecutePomAction - Using existing launch configuration
2026-03-10 22:22:09,968 [Worker-22: Launching revshop] INFO  o.e.m.i.launch.MavenLaunchDelegate - Run build in "C:\Revature\Revature1\RevSHop3\revshop":
2026-03-10 22:22:09,969 [Worker-22: Launching revshop] INFO  o.e.m.i.launch.MavenLaunchDelegate -  mvn  -B -Dstyle.color=always spring-boot:run
2026-03-19 23:22:46,710 [Worker-4: Loading available Gradle versions] INFO  o.e.b.c.i.u.g.PublishedGradleVersions - Gradle version information cache is out-of-date. Trying to update.
2026-03-19 23:53:20,879 [Worker-16: Building] INFO  o.a.m.s.f.DefaultMavenResourcesFiltering - Copying 1 resource from src\main\resources to target\classes
2026-03-19 23:53:20,944 [Worker-16: Building] INFO  o.a.m.s.f.DefaultMavenResourcesFiltering - Copying 20 resources from src\main\resources to target\classes
2026-03-19 23:53:20,992 [Worker-16: Building] INFO  o.a.m.s.f.DefaultMavenResourcesFiltering - Copying 0 resource from src\test\resources to target\test-classes
2026-03-20 00:00:39,570 [Worker-28: Launching Application] INFO  o.a.m.s.f.DefaultMavenResourcesFiltering - Copying 1 resource from src\main\resources to target\classes
2026-03-20 00:00:39,587 [Worker-28: Launching Application] INFO  o.a.m.s.f.DefaultMavenResourcesFiltering - Copying 0 resource from src\main\resources to target\classes
2026-03-20 00:00:39,595 [Worker-28: Launching Application] INFO  o.a.m.s.f.DefaultMavenResourcesFiltering - Copying 0 resource from src\test\resources to target\test-classes
2026-03-20 00:01:27,466 [Worker-28: Launching Application] INFO  o.a.m.s.f.DefaultMavenResourcesFiltering - Copying 1 resource from src\main\resources to target\classes
2026-03-20 00:01:27,473 [Worker-28: Launching Application] INFO  o.a.m.s.f.DefaultMavenResourcesFiltering - Copying 0 resource from src\main\resources to target\classes
2026-03-20 00:01:27,480 [Worker-28: Launching Application] INFO  o.a.m.s.f.DefaultMavenResourcesFiltering - Copying 0 resource from src\test\resources to target\test-classes
2026-03-20 09:13:52,283 [Worker-1: Loading available Gradle versions] INFO  o.e.b.c.i.u.g.PublishedGradleVersions - Gradle version information cache is up-to-date. Trying to read.
2026-03-20 09:14:13,387 [Worker-15: Updating Maven Project] INFO  o.e.m.c.i.p.ProjectConfigurationManager - Update started
2026-03-20 09:14:16,252 [Worker-15: Updating Maven Project] INFO  o.e.m.c.i.l.LifecycleMappingFactory - Using org.eclipse.m2e.jdt.JarLifecycleMapping lifecycle mapping for MavenProject: com.revshopproject:revshop:0.0.1-SNAPSHOT @ C:\Revature\Revature1\RevSHop3\revshop\pom.xml.
2026-03-20 09:14:17,751 [Worker-15: Updating Maven Project] INFO  o.e.m.j.i.AbstractJavaProjectConfigurator - Adding source folder /revshop/src/main/java
2026-03-20 09:14:17,751 [Worker-15: Updating Maven Project] INFO  o.e.m.j.i.AbstractJavaProjectConfigurator - Adding resource folder /revshop/src/main/resources
2026-03-20 09:14:17,752 [Worker-15: Updating Maven Project] INFO  o.e.m.j.i.AbstractJavaProjectConfigurator - Adding resource folder /revshop/src/main/resources
2026-03-20 09:14:17,754 [Worker-15: Updating Maven Project] INFO  o.e.m.j.i.AbstractJavaProjectConfigurator - Adding source folder /revshop/src/test/java
2026-03-20 09:14:17,754 [Worker-15: Updating Maven Project] INFO  o.e.m.j.i.AbstractJavaProjectConfigurator - Adding resource folder /revshop/src/test/resources
2026-03-20 09:14:18,458 [Worker-15: Updating Maven Project] INFO  o.e.m.c.i.p.ProjectConfigurationManager - Update completed for 1 poms: local refresh takes 0.00 sec, refresh facades takes 4.00 sec, update config takes 0.00 sec 
2026-03-20 09:15:27,363 [main] INFO  o.e.m2e.actions.ExecutePomAction - Using existing launch configuration
2026-03-20 09:15:27,428 [Worker-12: Launching revshop] INFO  o.eclipse.m2e.core.internal.Bundles - getClasspathEntries(Bundle=org.eclipse.m2e.maven.runtime_3.8.604.20221130-2149 [606])
2026-03-20 09:15:27,449 [Worker-12: Launching revshop] INFO  o.eclipse.m2e.core.internal.Bundles - 	Entry: C:\Revature\Revature1\eclipse\plugins\org.eclipse.m2e.maven.runtime_3.8.604.20221130-2149
2026-03-20 09:15:27,449 [Worker-12: Launching revshop] INFO  o.eclipse.m2e.core.internal.Bundles - 	Entry: C:\Revature\Revature1\eclipse\plugins\org.eclipse.m2e.maven.runtime_3.8.604.20221130-2149\jars\aether-connector-okhttp-0.17.8.jar
2026-03-20 09:15:27,449 [Worker-12: Launching revshop] INFO  o.eclipse.m2e.core.internal.Bundles - 	Entry: C:\Revature\Revature1\eclipse\plugins\org.eclipse.m2e.maven.runtime_3.8.604.20221130-2149\jars\commons-cli-1.4.jar
2026-03-20 09:15:27,450 [Worker-12: Launching revshop] INFO  o.eclipse.m2e.core.internal.Bundles - 	Entry: C:\Revature\Revature1\eclipse\plugins\org.eclipse.m2e.maven.runtime_3.8.604.20221130-2149\jars\commons-io-2.6.jar
2026-03-20 09:15:27,450 [Worker-12: Launching revshop] INFO  o.eclipse.m2e.core.internal.Bundles - 	Entry: C:\Revature\Revature1\eclipse\plugins\org.eclipse.m2e.maven.runtime_3.8.604.20221130-2149\jars\commons-lang3-3.8.1.jar
2026-03-20 09:15:27,450 [Worker-12: Launching revshop] INFO  o.eclipse.m2e.core.internal.Bundles - 	Entry: C:\Revature\Revature1\eclipse\plugins\org.eclipse.m2e.maven.runtime_3.8.604.20221130-2149\jars\guice-4.2.2-no_aop.jar
2026-03-20 09:15:27,450 [Worker-12: Launching revshop] INFO  o.eclipse.m2e.core.internal.Bundles - 	Entry: C:\Revature\Revature1\eclipse\plugins\org.eclipse.m2e.maven.runtime_3.8.604.20221130-2149\jars\jansi-2.4.0.jar
2026-03-20 09:15:27,450 [Worker-12: Launching revshop] INFO  o.eclipse.m2e.core.internal.Bundles - 	Entry: C:\Revature\Revature1\eclipse\plugins\org.eclipse.m2e.maven.runtime_3.8.604.20221130-2149\jars\maven-artifact-3.8.6.jar
2026-03-20 09:15:27,450 [Worker-12: Launching revshop] INFO  o.eclipse.m2e.core.internal.Bundles - 	Entry: C:\Revature\Revature1\eclipse\plugins\org.eclipse.m2e.maven.runtime_3.8.604.20221130-2149\jars\maven-builder-support-3.8.6.jar
2026-03-20 09:15:27,450 [Worker-12: Launching revshop] INFO  o.eclipse.m2e.core.internal.Bundles - 	Entry: C:\Revature\Revature1\eclipse\plugins\org.eclipse.m2e.maven.runtime_3.8.604.20221130-2149\jars\maven-compat-3.8.6.jar
2026-03-20 09:15:27,451 [Worker-12: Launching revshop] INFO  o.eclipse.m2e.core.internal.Bundles - 	Entry: C:\Revature\Revature1\eclipse\plugins\org.eclipse.m2e.maven.runtime_3.8.604.20221130-2149\jars\maven-core-3.8.6.jar
2026-03-20 09:15:27,451 [Worker-12: Launching revshop] INFO  o.eclipse.m2e.core.internal.Bundles - 	Entry: C:\Revature\Revature1\eclipse\plugins\org.eclipse.m2e.maven.runtime_3.8.604.20221130-2149\jars\maven-embedder-3.8.6.jar
2026-03-20 09:15:27,451 [Worker-12: Launching revshop] INFO  o.eclipse.m2e.core.internal.Bundles - 	Entry: C:\Revature\Revature1\eclipse\plugins\org.eclipse.m2e.maven.runtime_3.8.604.20221130-2149\jars\maven-model-3.8.6.jar
2026-03-20 09:15:27,451 [Worker-12: Launching revshop] INFO  o.eclipse.m2e.core.internal.Bundles - 	Entry: C:\Revature\Revature1\eclipse\plugins\org.eclipse.m2e.maven.runtime_3.8.604.20221130-2149\jars\maven-model-builder-3.8.6.jar
2026-03-20 09:15:27,451 [Worker-12: Launching revshop] INFO  o.eclipse.m2e.core.internal.Bundles - 	Entry: C:\Revature\Revature1\eclipse\plugins\org.eclipse.m2e.maven.runtime_3.8.604.20221130-2149\jars\maven-plugin-api-3.8.6.jar
2026-03-20 09:15:27,452 [Worker-12: Launching revshop] INFO  o.eclipse.m2e.core.internal.Bundles - 	Entry: C:\Revature\Revature1\eclipse\plugins\org.eclipse.m2e.maven.runtime_3.8.604.20221130-2149\jars\maven-repository-metadata-3.8.6.jar
2026-03-20 09:15:27,452 [Worker-12: Launching revshop] INFO  o.eclipse.m2e.core.internal.Bundles - 	Entry: C:\Revature\Revature1\eclipse\plugins\org.eclipse.m2e.maven.runtime_3.8.604.20221130-2149\jars\maven-resolver-api-1.6.3.jar
2026-03-20 09:15:27,452 [Worker-12: Launching revshop] INFO  o.eclipse.m2e.core.internal.Bundles - 	Entry: C:\Revature\Revature1\eclipse\plugins\org.eclipse.m2e.maven.runtime_3.8.604.20221130-2149\jars\maven-resolver-connector-basic-1.6.3.jar
2026-03-20 09:15:27,452 [Worker-12: Launching revshop] INFO  o.eclipse.m2e.core.internal.Bundles - 	Entry: C:\Revature\Revature1\eclipse\plugins\org.eclipse.m2e.maven.runtime_3.8.604.20221130-2149\jars\maven-resolver-impl-1.6.3.jar
2026-03-20 09:15:27,452 [Worker-12: Launching revshop] INFO  o.eclipse.m2e.core.internal.Bundles - 	Entry: C:\Revature\Revature1\eclipse\plugins\org.eclipse.m2e.maven.runtime_3.8.604.20221130-2149\jars\maven-resolver-provider-3.8.6.jar
2026-03-20 09:15:27,453 [Worker-12: Launching revshop] INFO  o.eclipse.m2e.core.internal.Bundles - 	Entry: C:\Revature\Revature1\eclipse\plugins\org.eclipse.m2e.maven.runtime_3.8.604.20221130-2149\jars\maven-resolver-spi-1.6.3.jar
2026-03-20 09:15:27,453 [Worker-12: Launching revshop] INFO  o.eclipse.m2e.core.internal.Bundles - 	Entry: C:\Revature\Revature1\eclipse\plugins\org.eclipse.m2e.maven.runtime_3.8.604.20221130-2149\jars\maven-resolver-transport-wagon-1.6.3.jar
2026-03-20 09:15:27,453 [Worker-12: Launching revshop] INFO  o.eclipse.m2e.core.internal.Bundles - 	Entry: C:\Revature\Revature1\eclipse\plugins\org.eclipse.m2e.maven.runtime_3.8.604.20221130-2149\jars\maven-resolver-util-1.6.3.jar
2026-03-20 09:15:27,453 [Worker-12: Launching revshop] INFO  o.eclipse.m2e.core.internal.Bundles - 	Entry: C:\Revature\Revature1\eclipse\plugins\org.eclipse.m2e.maven.runtime_3.8.604.20221130-2149\jars\maven-settings-3.8.6.jar
2026-03-20 09:15:27,454 [Worker-12: Launching revshop] INFO  o.eclipse.m2e.core.internal.Bundles - 	Entry: C:\Revature\Revature1\eclipse\plugins\org.eclipse.m2e.maven.runtime_3.8.604.20221130-2149\jars\maven-settings-builder-3.8.6.jar
2026-03-20 09:15:27,454 [Worker-12: Launching revshop] INFO  o.eclipse.m2e.core.internal.Bundles - 	Entry: C:\Revature\Revature1\eclipse\plugins\org.eclipse.m2e.maven.runtime_3.8.604.20221130-2149\jars\maven-shared-utils-3.3.4.jar
2026-03-20 09:15:27,454 [Worker-12: Launching revshop] INFO  o.eclipse.m2e.core.internal.Bundles - 	Entry: C:\Revature\Revature1\eclipse\plugins\org.eclipse.m2e.maven.runtime_3.8.604.20221130-2149\jars\okhttp-3.14.1.jar
2026-03-20 09:15:27,454 [Worker-12: Launching revshop] INFO  o.eclipse.m2e.core.internal.Bundles - 	Entry: C:\Revature\Revature1\eclipse\plugins\org.eclipse.m2e.maven.runtime_3.8.604.20221130-2149\jars\okio-1.17.3.jar
2026-03-20 09:15:27,455 [Worker-12: Launching revshop] INFO  o.eclipse.m2e.core.internal.Bundles - 	Entry: C:\Revature\Revature1\eclipse\plugins\org.eclipse.m2e.maven.runtime_3.8.604.20221130-2149\jars\org.eclipse.sisu.inject-0.3.5.jar
2026-03-20 09:15:27,455 [Worker-12: Launching revshop] INFO  o.eclipse.m2e.core.internal.Bundles - 	Entry: C:\Revature\Revature1\eclipse\plugins\org.eclipse.m2e.maven.runtime_3.8.604.20221130-2149\jars\org.eclipse.sisu.plexus-0.3.5.jar
2026-03-20 09:15:27,455 [Worker-12: Launching revshop] INFO  o.eclipse.m2e.core.internal.Bundles - 	Entry: C:\Revature\Revature1\eclipse\plugins\org.eclipse.m2e.maven.runtime_3.8.604.20221130-2149\jars\plexus-build-api-0.0.7.jar
2026-03-20 09:15:27,455 [Worker-12: Launching revshop] INFO  o.eclipse.m2e.core.internal.Bundles - 	Entry: C:\Revature\Revature1\eclipse\plugins\org.eclipse.m2e.maven.runtime_3.8.604.20221130-2149\jars\plexus-cipher-2.0.jar
2026-03-20 09:15:27,455 [Worker-12: Launching revshop] INFO  o.eclipse.m2e.core.internal.Bundles - 	Entry: C:\Revature\Revature1\eclipse\plugins\org.eclipse.m2e.maven.runtime_3.8.604.20221130-2149\jars\plexus-classworlds-2.6.0.jar
2026-03-20 09:15:27,456 [Worker-12: Launching revshop] INFO  o.eclipse.m2e.core.internal.Bundles - 	Entry: C:\Revature\Revature1\eclipse\plugins\org.eclipse.m2e.maven.runtime_3.8.604.20221130-2149\jars\plexus-component-annotations-2.1.0.jar
2026-03-20 09:15:27,456 [Worker-12: Launching revshop] INFO  o.eclipse.m2e.core.internal.Bundles - 	Entry: C:\Revature\Revature1\eclipse\plugins\org.eclipse.m2e.maven.runtime_3.8.604.20221130-2149\jars\plexus-interpolation-1.26.jar
2026-03-20 09:15:27,456 [Worker-12: Launching revshop] INFO  o.eclipse.m2e.core.internal.Bundles - 	Entry: C:\Revature\Revature1\eclipse\plugins\org.eclipse.m2e.maven.runtime_3.8.604.20221130-2149\jars\plexus-sec-dispatcher-2.0.jar
2026-03-20 09:15:27,456 [Worker-12: Launching revshop] INFO  o.eclipse.m2e.core.internal.Bundles - 	Entry: C:\Revature\Revature1\eclipse\plugins\org.eclipse.m2e.maven.runtime_3.8.604.20221130-2149\jars\plexus-utils-3.3.1.jar
2026-03-20 09:15:27,457 [Worker-12: Launching revshop] INFO  o.eclipse.m2e.core.internal.Bundles - 	Entry: C:\Revature\Revature1\eclipse\plugins\org.eclipse.m2e.maven.runtime_3.8.604.20221130-2149\jars\wagon-file-3.5.1.jar
2026-03-20 09:15:27,457 [Worker-12: Launching revshop] INFO  o.eclipse.m2e.core.internal.Bundles - 	Entry: C:\Revature\Revature1\eclipse\plugins\org.eclipse.m2e.maven.runtime_3.8.604.20221130-2149\jars\wagon-provider-api-3.5.1.jar
2026-03-20 09:15:27,459 [Worker-12: Launching revshop] INFO  o.eclipse.m2e.core.internal.Bundles - getClasspathEntries(Bundle=com.google.guava_30.1.0.v20221112-0806 [10])
2026-03-20 09:15:27,461 [Worker-12: Launching revshop] INFO  o.eclipse.m2e.core.internal.Bundles - 	Entry: C:\Revature\Revature1\eclipse\plugins\com.google.guava_30.1.0.v20221112-0806.jar
2026-03-20 09:15:27,461 [Worker-12: Launching revshop] INFO  o.eclipse.m2e.core.internal.Bundles - getClasspathEntries(Bundle=slf4j.api_1.7.36 [918])
2026-03-20 09:15:27,462 [Worker-12: Launching revshop] INFO  o.eclipse.m2e.core.internal.Bundles - 	Entry: C:\Revature\Revature1\eclipse\plugins\slf4j.api_1.7.36.jar
2026-03-20 09:15:27,464 [Worker-12: Launching revshop] INFO  o.eclipse.m2e.core.internal.Bundles - getClasspathEntries(Bundle=javax.inject_1.0.0.v20220405-0441 [32])
2026-03-20 09:15:27,465 [Worker-12: Launching revshop] INFO  o.eclipse.m2e.core.internal.Bundles - 	Entry: C:\Revature\Revature1\eclipse\plugins\javax.inject_1.0.0.v20220405-0441.jar
2026-03-20 09:15:27,465 [Worker-12: Launching revshop] INFO  o.eclipse.m2e.core.internal.Bundles - getClasspathEntries(Bundle=javax.annotation_1.3.5.v20221112-0806 [30])
2026-03-20 09:15:27,466 [Worker-12: Launching revshop] INFO  o.eclipse.m2e.core.internal.Bundles - 	Entry: C:\Revature\Revature1\eclipse\plugins\javax.annotation_1.3.5.v20221112-0806.jar
2026-03-20 09:15:27,470 [Worker-12: Launching revshop] INFO  o.e.m.i.launch.MavenLaunchDelegate - Run build in "C:\Revature\Revature1\RevSHop3\revshop":
2026-03-20 09:15:27,471 [Worker-12: Launching revshop] INFO  o.e.m.i.launch.MavenLaunchDelegate -  mvn  -B -Dstyle.color=always spring-boot:run
2026-03-26 09:30:57,157 [Worker-6: Loading available Gradle versions] INFO  o.e.b.c.i.u.g.PublishedGradleVersions - Gradle version information cache is out-of-date. Trying to update.
2026-03-26 09:31:48,786 [Worker-1: Building] INFO  o.a.m.s.f.DefaultMavenResourcesFiltering - Copying 1 resource from src\main\resources to target\classes
2026-03-26 09:31:48,866 [Worker-1: Building] INFO  o.a.m.s.f.DefaultMavenResourcesFiltering - Copying 20 resources from src\main\resources to target\classes
